<?xml version="1.0" encoding="UTF-8"?>
<testsuite xmlns:xsi="http://www.w3.org/2001/XMLSchema-instance" xsi:noNamespaceSchemaLocation="https://maven.apache.org/surefire/maven-surefire-plugin/xsd/surefire-test-report-3.0.xsd" version="3.0" name="gr2181.smittesporer.UserTest" time="0.064" tests="4" errors="0" skipped="0" failures="0">
  <properties>
    <property name="java.specification.version" value="16"/>
    <property name="sun.jnu.encoding" value="UTF-8"/>
    <property name="java.class.path" value="/Users/tuvaoppenhagen/Documents/2021/IT1901/Prosjekt/gr2181/Smittesporer/target/test-classes:/Users/tuvaoppenhagen/.m2/repository/org/openjfx/javafx-controls/16/javafx-controls-16.jar:/Users/tuvaoppenhagen/.m2/repository/org/openjfx/javafx-graphics/16/javafx-graphics-16.jar:/Users/tuvaoppenhagen/.m2/repository/org/openjfx/javafx-base/16/javafx-base-16.jar:/Users/tuvaoppenhagen/.m2/repository/org/openjfx/javafx-fxml/16/javafx-fxml-16.jar:/Users/tuvaoppenhagen/.m2/repository/org/junit/jupiter/junit-jupiter-api/5.7.2/junit-jupiter-api-5.7.2.jar:/Users/tuvaoppenhagen/.m2/repository/org/apiguardian/apiguardian-api/1.1.0/apiguardian-api-1.1.0.jar:/Users/tuvaoppenhagen/.m2/repository/org/opentest4j/opentest4j/1.2.0/opentest4j-1.2.0.jar:/Users/tuvaoppenhagen/.m2/repository/org/junit/platform/junit-platform-commons/1.7.2/junit-platform-commons-1.7.2.jar:/Users/tuvaoppenhagen/.m2/repository/org/junit/jupiter/junit-jupiter-engine/5.7.2/junit-jupiter-engine-5.7.2.jar:/Users/tuvaoppenhagen/.m2/repository/org/junit/platform/junit-platform-engine/1.7.2/junit-platform-engine-1.7.2.jar:/Users/tuvaoppenhagen/.m2/repository/org/junit/jupiter/junit-jupiter-params/5.7.2/junit-jupiter-params-5.7.2.jar:/Users/tuvaoppenhagen/.m2/repository/org/testfx/testfx-core/4.0.16-alpha/testfx-core-4.0.16-alpha.jar:/Users/tuvaoppenhagen/.m2/repository/org/hamcrest/hamcrest-core/1.3/hamcrest-core-1.3.jar:/Users/tuvaoppenhagen/.m2/repository/org/assertj/assertj-core/3.13.2/assertj-core-3.13.2.jar:/Users/tuvaoppenhagen/.m2/repository/org/testfx/testfx-junit5/4.0.16-alpha/testfx-junit5-4.0.16-alpha.jar:/Users/tuvaoppenhagen/.m2/repository/org/hamcrest/hamcrest/2.2/hamcrest-2.2.jar:/Users/tuvaoppenhagen/.m2/repository/org/eclipse/jgit/org.eclipse.jgit/5.4.0.201906121030-r/org.eclipse.jgit-5.4.0.201906121030-r.jar:/Users/tuvaoppenhagen/.m2/repository/com/jcraft/jsch/0.1.55/jsch-0.1.55.jar:/Users/tuvaoppenhagen/.m2/repository/com/jcraft/jzlib/1.1.1/jzlib-1.1.1.jar:/Users/tuvaoppenhagen/.m2/repository/com/googlecode/javaewah/JavaEWAH/1.1.6/JavaEWAH-1.1.6.jar:/Users/tuvaoppenhagen/.m2/repository/org/slf4j/slf4j-api/1.7.2/slf4j-api-1.7.2.jar:/Users/tuvaoppenhagen/.m2/repository/org/bouncycastle/bcpg-jdk15on/1.61/bcpg-jdk15on-1.61.jar:/Users/tuvaoppenhagen/.m2/repository/org/bouncycastle/bcprov-jdk15on/1.61/bcprov-jdk15on-1.61.jar:/Users/tuvaoppenhagen/.m2/repository/org/bouncycastle/bcpkix-jdk15on/1.61/bcpkix-jdk15on-1.61.jar:"/>
    <property name="java.vm.vendor" value="AdoptOpenJDK"/>
    <property name="sun.arch.data.model" value="64"/>
    <property name="java.vendor.url" value="https://adoptopenjdk.net/"/>
    <property name="os.name" value="Mac OS X"/>
    <property name="java.vm.specification.version" value="16"/>
    <property name="sun.java.launcher" value="SUN_STANDARD"/>
    <property name="user.country" value="NO"/>
    <property name="sun.boot.library.path" value="/Users/tuvaoppenhagen/.sdkman/candidates/java/16.0.1.hs-adpt/lib"/>
    <property name="sun.java.command" value="org.apache.maven.surefire.booter.ForkedBooter /Users/tuvaoppenhagen/Documents/2021/IT1901/Prosjekt/gr2181/Smittesporer/target/surefire 2021-09-30T14-35-26_408-jvmRun1 surefire3664573973694343616tmp surefire_07808390198579594365tmp"/>
    <property name="http.nonProxyHosts" value="local|*.local|169.254/16|*.169.254/16"/>
    <property name="jdk.debug" value="release"/>
    <property name="surefire.test.class.path" value="/Users/tuvaoppenhagen/Documents/2021/IT1901/Prosjekt/gr2181/Smittesporer/target/test-classes:/Users/tuvaoppenhagen/.m2/repository/org/openjfx/javafx-controls/16/javafx-controls-16.jar:/Users/tuvaoppenhagen/.m2/repository/org/openjfx/javafx-graphics/16/javafx-graphics-16.jar:/Users/tuvaoppenhagen/.m2/repository/org/openjfx/javafx-base/16/javafx-base-16.jar:/Users/tuvaoppenhagen/.m2/repository/org/openjfx/javafx-fxml/16/javafx-fxml-16.jar:/Users/tuvaoppenhagen/.m2/repository/org/junit/jupiter/junit-jupiter-api/5.7.2/junit-jupiter-api-5.7.2.jar:/Users/tuvaoppenhagen/.m2/repository/org/apiguardian/apiguardian-api/1.1.0/apiguardian-api-1.1.0.jar:/Users/tuvaoppenhagen/.m2/repository/org/opentest4j/opentest4j/1.2.0/opentest4j-1.2.0.jar:/Users/tuvaoppenhagen/.m2/repository/org/junit/platform/junit-platform-commons/1.7.2/junit-platform-commons-1.7.2.jar:/Users/tuvaoppenhagen/.m2/repository/org/junit/jupiter/junit-jupiter-engine/5.7.2/junit-jupiter-engine-5.7.2.jar:/Users/tuvaoppenhagen/.m2/repository/org/junit/platform/junit-platform-engine/1.7.2/junit-platform-engine-1.7.2.jar:/Users/tuvaoppenhagen/.m2/repository/org/junit/jupiter/junit-jupiter-params/5.7.2/junit-jupiter-params-5.7.2.jar:/Users/tuvaoppenhagen/.m2/repository/org/testfx/testfx-core/4.0.16-alpha/testfx-core-4.0.16-alpha.jar:/Users/tuvaoppenhagen/.m2/repository/org/hamcrest/hamcrest-core/1.3/hamcrest-core-1.3.jar:/Users/tuvaoppenhagen/.m2/repository/org/assertj/assertj-core/3.13.2/assertj-core-3.13.2.jar:/Users/tuvaoppenhagen/.m2/repository/org/testfx/testfx-junit5/4.0.16-alpha/testfx-junit5-4.0.16-alpha.jar:/Users/tuvaoppenhagen/.m2/repository/org/hamcrest/hamcrest/2.2/hamcrest-2.2.jar:/Users/tuvaoppenhagen/.m2/repository/org/eclipse/jgit/org.eclipse.jgit/5.4.0.201906121030-r/org.eclipse.jgit-5.4.0.201906121030-r.jar:/Users/tuvaoppenhagen/.m2/repository/com/jcraft/jsch/0.1.55/jsch-0.1.55.jar:/Users/tuvaoppenhagen/.m2/repository/com/jcraft/jzlib/1.1.1/jzlib-1.1.1.jar:/Users/tuvaoppenhagen/.m2/repository/com/googlecode/javaewah/JavaEWAH/1.1.6/JavaEWAH-1.1.6.jar:/Users/tuvaoppenhagen/.m2/repository/org/slf4j/slf4j-api/1.7.2/slf4j-api-1.7.2.jar:/Users/tuvaoppenhagen/.m2/repository/org/bouncycastle/bcpg-jdk15on/1.61/bcpg-jdk15on-1.61.jar:/Users/tuvaoppenhagen/.m2/repository/org/bouncycastle/bcprov-jdk15on/1.61/bcprov-jdk15on-1.61.jar:/Users/tuvaoppenhagen/.m2/repository/org/bouncycastle/bcpkix-jdk15on/1.61/bcpkix-jdk15on-1.61.jar:"/>
    <property name="sun.cpu.endian" value="little"/>
    <property name="user.home" value="/Users/tuvaoppenhagen"/>
    <property name="user.language" value="nb"/>
    <property name="java.specification.vendor" value="Oracle Corporation"/>
    <property name="jdk.module.path" value="/Users/tuvaoppenhagen/Documents/2021/IT1901/Prosjekt/gr2181/Smittesporer/target/classes:/Users/tuvaoppenhagen/.m2/repository/org/openjfx/javafx-controls/16/javafx-controls-16-mac.jar:/Users/tuvaoppenhagen/.m2/repository/org/openjfx/javafx-graphics/16/javafx-graphics-16-mac.jar:/Users/tuvaoppenhagen/.m2/repository/org/openjfx/javafx-base/16/javafx-base-16-mac.jar:/Users/tuvaoppenhagen/.m2/repository/org/openjfx/javafx-fxml/16/javafx-fxml-16-mac.jar:/Users/tuvaoppenhagen/.m2/repository/com/google/code/gson/gson/2.8.8/gson-2.8.8.jar"/>
    <property name="java.version.date" value="2021-04-20"/>
    <property name="java.home" value="/Users/tuvaoppenhagen/.sdkman/candidates/java/16.0.1.hs-adpt"/>
    <property name="file.separator" value="/"/>
    <property name="basedir" value="/Users/tuvaoppenhagen/Documents/2021/IT1901/Prosjekt/gr2181/Smittesporer"/>
    <property name="java.vm.compressedOopsMode" value="Zero based"/>
    <property name="line.separator" value="&#10;"/>
    <property name="java.specification.name" value="Java Platform API Specification"/>
    <property name="java.vm.specification.vendor" value="Oracle Corporation"/>
    <property name="surefire.real.class.path" value="/Users/tuvaoppenhagen/.m2/repository/org/apache/maven/surefire/surefire-booter/3.0.0-M5/surefire-booter-3.0.0-M5.jar:/Users/tuvaoppenhagen/.m2/repository/org/apache/maven/surefire/surefire-api/3.0.0-M5/surefire-api-3.0.0-M5.jar:/Users/tuvaoppenhagen/.m2/repository/org/apache/maven/surefire/surefire-logger-api/3.0.0-M5/surefire-logger-api-3.0.0-M5.jar:/Users/tuvaoppenhagen/.m2/repository/org/apache/maven/surefire/surefire-shared-utils/3.0.0-M4/surefire-shared-utils-3.0.0-M4.jar:/Users/tuvaoppenhagen/.m2/repository/org/apache/maven/surefire/surefire-extensions-spi/3.0.0-M5/surefire-extensions-spi-3.0.0-M5.jar:/Users/tuvaoppenhagen/Documents/2021/IT1901/Prosjekt/gr2181/Smittesporer/target/test-classes:/Users/tuvaoppenhagen/.m2/repository/org/openjfx/javafx-controls/16/javafx-controls-16.jar:/Users/tuvaoppenhagen/.m2/repository/org/openjfx/javafx-graphics/16/javafx-graphics-16.jar:/Users/tuvaoppenhagen/.m2/repository/org/openjfx/javafx-base/16/javafx-base-16.jar:/Users/tuvaoppenhagen/.m2/repository/org/openjfx/javafx-fxml/16/javafx-fxml-16.jar:/Users/tuvaoppenhagen/.m2/repository/org/junit/jupiter/junit-jupiter-api/5.7.2/junit-jupiter-api-5.7.2.jar:/Users/tuvaoppenhagen/.m2/repository/org/apiguardian/apiguardian-api/1.1.0/apiguardian-api-1.1.0.jar:/Users/tuvaoppenhagen/.m2/repository/org/opentest4j/opentest4j/1.2.0/opentest4j-1.2.0.jar:/Users/tuvaoppenhagen/.m2/repository/org/junit/platform/junit-platform-commons/1.7.2/junit-platform-commons-1.7.2.jar:/Users/tuvaoppenhagen/.m2/repository/org/junit/jupiter/junit-jupiter-engine/5.7.2/junit-jupiter-engine-5.7.2.jar:/Users/tuvaoppenhagen/.m2/repository/org/junit/platform/junit-platform-engine/1.7.2/junit-platform-engine-1.7.2.jar:/Users/tuvaoppenhagen/.m2/repository/org/junit/jupiter/junit-jupiter-params/5.7.2/junit-jupiter-params-5.7.2.jar:/Users/tuvaoppenhagen/.m2/repository/org/testfx/testfx-core/4.0.16-alpha/testfx-core-4.0.16-alpha.jar:/Users/tuvaoppenhagen/.m2/repository/org/hamcrest/hamcrest-core/1.3/hamcrest-core-1.3.jar:/Users/tuvaoppenhagen/.m2/repository/org/assertj/assertj-core/3.13.2/assertj-core-3.13.2.jar:/Users/tuvaoppenhagen/.m2/repository/org/testfx/testfx-junit5/4.0.16-alpha/testfx-junit5-4.0.16-alpha.jar:/Users/tuvaoppenhagen/.m2/repository/org/hamcrest/hamcrest/2.2/hamcrest-2.2.jar:/Users/tuvaoppenhagen/.m2/repository/org/eclipse/jgit/org.eclipse.jgit/5.4.0.201906121030-r/org.eclipse.jgit-5.4.0.201906121030-r.jar:/Users/tuvaoppenhagen/.m2/repository/com/jcraft/jsch/0.1.55/jsch-0.1.55.jar:/Users/tuvaoppenhagen/.m2/repository/com/jcraft/jzlib/1.1.1/jzlib-1.1.1.jar:/Users/tuvaoppenhagen/.m2/repository/com/googlecode/javaewah/JavaEWAH/1.1.6/JavaEWAH-1.1.6.jar:/Users/tuvaoppenhagen/.m2/repository/org/slf4j/slf4j-api/1.7.2/slf4j-api-1.7.2.jar:/Users/tuvaoppenhagen/.m2/repository/org/bouncycastle/bcpg-jdk15on/1.61/bcpg-jdk15on-1.61.jar:/Users/tuvaoppenhagen/.m2/repository/org/bouncycastle/bcprov-jdk15on/1.61/bcprov-jdk15on-1.61.jar:/Users/tuvaoppenhagen/.m2/repository/org/bouncycastle/bcpkix-jdk15on/1.61/bcpkix-jdk15on-1.61.jar:/Users/tuvaoppenhagen/.m2/repository/org/apache/maven/surefire/surefire-junit-platform/3.0.0-M5/surefire-junit-platform-3.0.0-M5.jar:/Users/tuvaoppenhagen/.m2/repository/org/apache/maven/surefire/common-java5/3.0.0-M5/common-java5-3.0.0-M5.jar:/Users/tuvaoppenhagen/.m2/repository/org/junit/platform/junit-platform-launcher/1.7.2/junit-platform-launcher-1.7.2.jar"/>
    <property name="sun.management.compiler" value="HotSpot 64-Bit Tiered Compilers"/>
    <property name="ftp.nonProxyHosts" value="local|*.local|169.254/16|*.169.254/16"/>
    <property name="java.runtime.version" value="16.0.1+9"/>
    <property name="user.name" value="tuvaoppenhagen"/>
    <property name="path.separator" value=":"/>
    <property name="os.version" value="11.5"/>
    <property name="java.runtime.name" value="OpenJDK Runtime Environment"/>
    <property name="file.encoding" value="US-ASCII"/>
    <property name="java.vm.name" value="OpenJDK 64-Bit Server VM"/>
    <property name="java.vendor.version" value="AdoptOpenJDK-16.0.1+9"/>
    <property name="localRepository" value="/Users/tuvaoppenhagen/.m2/repository"/>
    <property name="java.vendor.url.bug" value="https://github.com/AdoptOpenJDK/openjdk-support/issues"/>
    <property name="java.io.tmpdir" value="/var/folders/0w/_6zg9l8s0z52tc7q0n8v39jm0000gn/T/"/>
    <property name="java.version" value="16.0.1"/>
    <property name="user.dir" value="/Users/tuvaoppenhagen/Documents/2021/IT1901/Prosjekt/gr2181/Smittesporer"/>
    <property name="os.arch" value="x86_64"/>
    <property name="java.vm.specification.name" value="Java Virtual Machine Specification"/>
    <property name="java.library.path" value="/Users/tuvaoppenhagen/Library/Java/Extensions:/Library/Java/Extensions:/Network/Library/Java/Extensions:/System/Library/Java/Extensions:/usr/lib/java:."/>
    <property name="java.vm.info" value="mixed mode"/>
    <property name="java.vendor" value="AdoptOpenJDK"/>
    <property name="java.vm.version" value="16.0.1+9"/>
    <property name="sun.io.unicode.encoding" value="UnicodeBig"/>
    <property name="socksNonProxyHosts" value="local|*.local|169.254/16|*.169.254/16"/>
    <property name="java.class.version" value="60.0"/>
  </properties>
  <testcase name="testEmail" classname="gr2181.smittesporer.UserTest" time="0.035"/>
  <testcase name="testSetForname" classname="gr2181.smittesporer.UserTest" time="0.003"/>
  <testcase name="testPassword" classname="gr2181.smittesporer.UserTest" time="0.003"/>
  <testcase name="testConstructor" classname="gr2181.smittesporer.UserTest" time="0.004"/>
</testsuite>